<?xml version="1.0" encoding="UTF-8"?>
<testsuite xmlns:xsi="http://www.w3.org/2001/XMLSchema-instance" xsi:noNamespaceSchemaLocation="https://maven.apache.org/surefire/maven-surefire-plugin/xsd/surefire-test-report.xsd" name="co.unicauca.openmarket.domain.service.CategoryServiceTest" time="0.034" tests="5" errors="0" skipped="0" failures="0">
  <properties>
    <property name="java.specification.version" value="18"/>
    <property name="sun.cpu.isalist" value="amd64"/>
    <property name="sun.jnu.encoding" value="Cp1252"/>
    <property name="java.class.path" value="D:\Universidad\Ingeniria de software 2\Open_Market\openMarket-Client\target\test-classes;D:\Universidad\Ingeniria de software 2\Open_Market\openMarket-Client\target\classes;C:\Users\Julian_Banano\.m2\repository\org\xerial\sqlite-jdbc\3.32.3.2\sqlite-jdbc-3.32.3.2.jar;C:\Users\Julian_Banano\.m2\repository\org\netbeans\external\AbsoluteLayout\RELEASE120\AbsoluteLayout-RELEASE120.jar;C:\Users\Julian_Banano\.m2\repository\org\junit\jupiter\junit-jupiter-api\5.6.0\junit-jupiter-api-5.6.0.jar;C:\Users\Julian_Banano\.m2\repository\org\apiguardian\apiguardian-api\1.1.0\apiguardian-api-1.1.0.jar;C:\Users\Julian_Banano\.m2\repository\org\opentest4j\opentest4j\1.2.0\opentest4j-1.2.0.jar;C:\Users\Julian_Banano\.m2\repository\org\junit\platform\junit-platform-commons\1.6.0\junit-platform-commons-1.6.0.jar;C:\Users\Julian_Banano\.m2\repository\org\junit\jupiter\junit-jupiter-params\5.6.0\junit-jupiter-params-5.6.0.jar;C:\Users\Julian_Banano\.m2\repository\org\junit\jupiter\junit-jupiter-engine\5.6.0\junit-jupiter-engine-5.6.0.jar;C:\Users\Julian_Banano\.m2\repository\org\junit\platform\junit-platform-engine\1.6.0\junit-platform-engine-1.6.0.jar;C:\Users\Julian_Banano\.m2\repository\co\unicauca\strategyserver\1.0\strategyserver-1.0.jar;C:\Users\Julian_Banano\.m2\repository\com\google\code\gson\gson\2.8.6\gson-2.8.6.jar;C:\Users\Julian_Banano\.m2\repository\co\unicauca\OpenMarket-commons\1.0\OpenMarket-commons-1.0.jar;"/>
    <property name="java.vm.vendor" value="Oracle Corporation"/>
    <property name="sun.arch.data.model" value="64"/>
    <property name="user.variant" value=""/>
    <property name="java.vendor.url" value="https://java.oracle.com/"/>
    <property name="user.timezone" value="America/Bogota"/>
    <property name="os.name" value="Windows 11"/>
    <property name="java.vm.specification.version" value="18"/>
    <property name="user.country" value="CO"/>
    <property name="sun.java.launcher" value="SUN_STANDARD"/>
    <property name="sun.boot.library.path" value="C:\Program Files\Java\jdk-18\bin"/>
    <property name="sun.java.command" value="C:\Users\JULIAN~1\AppData\Local\Temp\surefire4888932339177429940\surefirebooter7637794114648715368.jar C:\Users\Julian_Banano\AppData\Local\Temp\surefire4888932339177429940 2023-05-13T21-24-57_419-jvmRun1 surefire1907542260195423740tmp surefire_09625948189893759320tmp"/>
    <property name="jdk.debug" value="release"/>
    <property name="surefire.test.class.path" value="D:\Universidad\Ingeniria de software 2\Open_Market\openMarket-Client\target\test-classes;D:\Universidad\Ingeniria de software 2\Open_Market\openMarket-Client\target\classes;C:\Users\Julian_Banano\.m2\repository\org\xerial\sqlite-jdbc\3.32.3.2\sqlite-jdbc-3.32.3.2.jar;C:\Users\Julian_Banano\.m2\repository\org\netbeans\external\AbsoluteLayout\RELEASE120\AbsoluteLayout-RELEASE120.jar;C:\Users\Julian_Banano\.m2\repository\org\junit\jupiter\junit-jupiter-api\5.6.0\junit-jupiter-api-5.6.0.jar;C:\Users\Julian_Banano\.m2\repository\org\apiguardian\apiguardian-api\1.1.0\apiguardian-api-1.1.0.jar;C:\Users\Julian_Banano\.m2\repository\org\opentest4j\opentest4j\1.2.0\opentest4j-1.2.0.jar;C:\Users\Julian_Banano\.m2\repository\org\junit\platform\junit-platform-commons\1.6.0\junit-platform-commons-1.6.0.jar;C:\Users\Julian_Banano\.m2\repository\org\junit\jupiter\junit-jupiter-params\5.6.0\junit-jupiter-params-5.6.0.jar;C:\Users\Julian_Banano\.m2\repository\org\junit\jupiter\junit-jupiter-engine\5.6.0\junit-jupiter-engine-5.6.0.jar;C:\Users\Julian_Banano\.m2\repository\org\junit\platform\junit-platform-engine\1.6.0\junit-platform-engine-1.6.0.jar;C:\Users\Julian_Banano\.m2\repository\co\unicauca\strategyserver\1.0\strategyserver-1.0.jar;C:\Users\Julian_Banano\.m2\repository\com\google\code\gson\gson\2.8.6\gson-2.8.6.jar;C:\Users\Julian_Banano\.m2\repository\co\unicauca\OpenMarket-commons\1.0\OpenMarket-commons-1.0.jar;"/>
    <property name="sun.cpu.endian" value="little"/>
    <property name="user.home" value="C:\Users\Julian_Banano"/>
    <property name="user.language" value="es"/>
    <property name="java.specification.vendor" value="Oracle Corporation"/>
    <property name="java.version.date" value="2022-03-22"/>
    <property name="java.home" value="C:\Program Files\Java\jdk-18"/>
    <property name="file.separator" value="\"/>
    <property name="basedir" value="D:\Universidad\Ingeniria de software 2\Open_Market\openMarket-Client"/>
    <property name="java.vm.compressedOopsMode" value="Zero based"/>
    <property name="line.separator" value="&#10;"/>
    <property name="java.vm.specification.vendor" value="Oracle Corporation"/>
    <property name="java.specification.name" value="Java Platform API Specification"/>
    <property name="surefire.real.class.path" value="C:\Users\JULIAN~1\AppData\Local\Temp\surefire4888932339177429940\surefirebooter7637794114648715368.jar"/>
    <property name="user.script" value=""/>
    <property name="sun.management.compiler" value="HotSpot 64-Bit Tiered Compilers"/>
    <property name="java.runtime.version" value="18+36-2087"/>
    <property name="user.name" value="Julian_Banano"/>
    <property name="path.separator" value=";"/>
    <property name="os.version" value="10.0"/>
    <property name="java.runtime.name" value="Java(TM) SE Runtime Environment"/>
    <property name="file.encoding" value="UTF-8"/>
    <property name="java.vm.name" value="Java HotSpot(TM) 64-Bit Server VM"/>
    <property name="maven.ext.class.path" value="C:\Program Files\NetBeans-13\netbeans\java\maven-nblib\netbeans-eventspy.jar"/>
    <property name="localRepository" value="C:\Users\Julian_Banano\.m2\repository"/>
    <property name="java.vendor.url.bug" value="https://bugreport.java.com/bugreport/"/>
    <property name="java.io.tmpdir" value="C:\Users\JULIAN~1\AppData\Local\Temp\"/>
    <property name="java.version" value="18"/>
    <property name="user.dir" value="D:\Universidad\Ingeniria de software 2\Open_Market\openMarket-Client"/>
    <property name="os.arch" value="amd64"/>
    <property name="java.vm.specification.name" value="Java Virtual Machine Specification"/>
    <property name="sun.os.patch.level" value=""/>
    <property name="native.encoding" value="Cp1252"/>
    <property name="java.library.path" value="C:\Program Files\Java\jdk-18\bin;C:\WINDOWS\Sun\Java\bin;C:\WINDOWS\system32;C:\WINDOWS;C:\app\Julian_Banano\product\21c\dbhomeXE\bin;C:\Program Files\Common Files\Oracle\Java\javapath;C:\Program Files (x86)\Common Files\Oracle\Java\javapath;C:\WINDOWS\system32;C:\WINDOWS;C:\WINDOWS\System32\Wbem;C:\WINDOWS\System32\WindowsPowerShell\v1.0\;C:\WINDOWS\System32\OpenSSH\;C:\TDM-GCC-64\bin;C:\Program Files\Microsoft SQL Server\150\Tools\Binn\;C:\Program Files\Microsoft SQL Server\Client SDK\ODBC\170\Tools\Binn\;C:\Program Files\dotnet\;C:\xampp\php;C:\ProgramData\ComposerSetup\bin;C:\WINDOWS\system32;C:\WINDOWS;C:\WINDOWS\System32\Wbem;C:\WINDOWS\System32\WindowsPowerShell\v1.0\;C:\WINDOWS\System32\OpenSSH\;C:\Program Files\Git\cmd;C:\Program Files\MySQL\MySQL Shell 8.0\bin\;C:\Users\Julian_Banano\AppData\Local\Microsoft\WindowsApps;C:\Users\Julian_Banano\AppData\Local\Programs\Microsoft VS Code\bin;C:\Users\Julian_Banano\.dotnet\tools;C:\Users\Julian_Banano\AppData\Roaming\Composer\vendor\bin;C:\msys64\mingw64\bin;;."/>
    <property name="java.vm.info" value="mixed mode, sharing"/>
    <property name="java.vendor" value="Oracle Corporation"/>
    <property name="java.vm.version" value="18+36-2087"/>
    <property name="sun.io.unicode.encoding" value="UnicodeLittle"/>
    <property name="java.class.version" value="62.0"/>
  </properties>
  <testcase name="testDeleteCategoryNotFound" classname="co.unicauca.openmarket.domain.service.CategoryServiceTest" time="0.021"/>
  <testcase name="testEditCategory" classname="co.unicauca.openmarket.domain.service.CategoryServiceTest" time="0"/>
  <testcase name="testEditProductNotFound" classname="co.unicauca.openmarket.domain.service.CategoryServiceTest" time="0"/>
  <testcase name="testDeleteCategory" classname="co.unicauca.openmarket.domain.service.CategoryServiceTest" time="0"/>
  <testcase name="testFindAllCategories" classname="co.unicauca.openmarket.domain.service.CategoryServiceTest" time="0.001"/>
</testsuite>